2025-04-13 21:19:16,434 [trainer.py] => config: exps/10,10_cifar100.json
2025-04-13 21:19:16,434 [trainer.py] => dataset: cifar100
2025-04-13 21:19:16,434 [trainer.py] => shuffle: True
2025-04-13 21:19:16,434 [trainer.py] => init_cls: 10
2025-04-13 21:19:16,434 [trainer.py] => increment: 10
2025-04-13 21:19:16,434 [trainer.py] => device: [device(type='cuda', index=2)]
2025-04-13 21:19:16,434 [trainer.py] => sim: 1
2025-04-13 21:19:16,434 [trainer.py] => epochs: 31
2025-04-13 21:19:16,434 [trainer.py] => lr: 0.01
2025-04-13 21:19:16,434 [trainer.py] => FB_epoch: 1
2025-04-13 21:19:16,434 [trainer.py] => FB_epoch_inc: 1
2025-04-13 21:19:16,434 [trainer.py] => FB_lr_init: 0.001
2025-04-13 21:19:16,434 [trainer.py] => FB_lr_inc: 0.001
2025-04-13 21:19:16,434 [trainer.py] => pool: 10
2025-04-13 21:19:16,434 [trainer.py] => sg_num: 1
2025-04-13 21:19:16,434 [trainer.py] => milestones: [30, 40, 50]
2025-04-13 21:19:16,434 [trainer.py] => prefix: continual-CLIP
2025-04-13 21:19:16,434 [trainer.py] => model_name: playground
2025-04-13 21:19:16,434 [trainer.py] => model_size: ViT-B/16
2025-04-13 21:19:16,434 [trainer.py] => convnet_type: none
2025-04-13 21:19:16,434 [trainer.py] => seed: 1993
2025-04-13 21:19:16,434 [trainer.py] => batch_size: 64
2025-04-13 21:19:16,434 [trainer.py] => num_workers: 8
2025-04-13 21:19:16,435 [trainer.py] => model_type: clip
2025-04-13 21:19:16,435 [trainer.py] => division_power: 5
2025-04-13 21:19:16,435 [trainer.py] => linear_model: ['linear', 'bn', 'linear']
2025-04-13 21:19:16,435 [trainer.py] => score_model: ['bn', 'linear']
2025-04-13 21:19:16,435 [trainer.py] => regularizer: mahalanobis
2025-04-13 21:19:16,435 [trainer.py] => print_freq: 10
2025-04-13 21:19:16,435 [trainer.py] => memory_size: 0
2025-04-13 21:19:16,435 [trainer.py] => repeat: False
2025-04-13 21:19:51,562 [trainer.py] => config: exps/10,10_cifar100.json
2025-04-13 21:19:51,562 [trainer.py] => dataset: cifar100
2025-04-13 21:19:51,562 [trainer.py] => shuffle: True
2025-04-13 21:19:51,562 [trainer.py] => init_cls: 10
2025-04-13 21:19:51,562 [trainer.py] => increment: 10
2025-04-13 21:19:51,562 [trainer.py] => device: [device(type='cuda', index=1)]
2025-04-13 21:19:51,562 [trainer.py] => sim: 1
2025-04-13 21:19:51,562 [trainer.py] => epochs: 31
2025-04-13 21:19:51,562 [trainer.py] => lr: 0.01
2025-04-13 21:19:51,562 [trainer.py] => FB_epoch: 1
2025-04-13 21:19:51,562 [trainer.py] => FB_epoch_inc: 1
2025-04-13 21:19:51,562 [trainer.py] => FB_lr_init: 0.001
2025-04-13 21:19:51,562 [trainer.py] => FB_lr_inc: 0.001
2025-04-13 21:19:51,562 [trainer.py] => pool: 10
2025-04-13 21:19:51,562 [trainer.py] => sg_num: 1
2025-04-13 21:19:51,562 [trainer.py] => milestones: [30, 40, 50]
2025-04-13 21:19:51,562 [trainer.py] => prefix: continual-CLIP
2025-04-13 21:19:51,562 [trainer.py] => model_name: playground
2025-04-13 21:19:51,562 [trainer.py] => model_size: ViT-B/16
2025-04-13 21:19:51,562 [trainer.py] => convnet_type: none
2025-04-13 21:19:51,562 [trainer.py] => seed: 1993
2025-04-13 21:19:51,562 [trainer.py] => batch_size: 64
2025-04-13 21:19:51,562 [trainer.py] => num_workers: 8
2025-04-13 21:19:51,562 [trainer.py] => model_type: clip
2025-04-13 21:19:51,562 [trainer.py] => division_power: 5
2025-04-13 21:19:51,562 [trainer.py] => linear_model: ['linear', 'bn', 'linear']
2025-04-13 21:19:51,562 [trainer.py] => score_model: ['bn', 'linear']
2025-04-13 21:19:51,562 [trainer.py] => regularizer: mahalanobis
2025-04-13 21:19:51,562 [trainer.py] => print_freq: 10
2025-04-13 21:19:51,562 [trainer.py] => memory_size: 0
2025-04-13 21:19:51,562 [trainer.py] => repeat: False
2025-04-13 21:20:05,740 [data_manager.py] => [68, 56, 78, 8, 23, 84, 90, 65, 74, 76, 40, 89, 3, 92, 55, 9, 26, 80, 43, 38, 58, 70, 77, 1, 85, 19, 17, 50, 28, 53, 13, 81, 45, 82, 6, 59, 83, 16, 15, 44, 91, 41, 72, 60, 79, 52, 20, 10, 31, 54, 37, 95, 14, 71, 96, 98, 97, 2, 64, 66, 42, 22, 35, 86, 24, 34, 87, 21, 99, 0, 88, 27, 18, 94, 11, 12, 47, 25, 30, 46, 62, 69, 36, 61, 7, 63, 75, 5, 32, 4, 51, 48, 73, 93, 39, 67, 29, 49, 57, 33]
2025-04-13 21:20:05,851 [clgcbm.py] => Learning on 0-10
2025-04-13 21:20:17,295 [trainer.py] => config: exps/10,10_cifar100.json
2025-04-13 21:20:17,296 [trainer.py] => dataset: cifar100
2025-04-13 21:20:17,296 [trainer.py] => shuffle: True
2025-04-13 21:20:17,296 [trainer.py] => init_cls: 10
2025-04-13 21:20:17,296 [trainer.py] => increment: 10
2025-04-13 21:20:17,296 [trainer.py] => device: [device(type='cuda', index=1)]
2025-04-13 21:20:17,296 [trainer.py] => sim: 1
2025-04-13 21:20:17,296 [trainer.py] => epochs: 31
2025-04-13 21:20:17,296 [trainer.py] => lr: 0.01
2025-04-13 21:20:17,296 [trainer.py] => FB_epoch: 1
2025-04-13 21:20:17,296 [trainer.py] => FB_epoch_inc: 1
2025-04-13 21:20:17,296 [trainer.py] => FB_lr_init: 0.001
2025-04-13 21:20:17,296 [trainer.py] => FB_lr_inc: 0.001
2025-04-13 21:20:17,296 [trainer.py] => pool: 10
2025-04-13 21:20:17,296 [trainer.py] => sg_num: 1
2025-04-13 21:20:17,296 [trainer.py] => milestones: [30, 40, 50]
2025-04-13 21:20:17,296 [trainer.py] => prefix: continual-CLIP
2025-04-13 21:20:17,296 [trainer.py] => model_name: playground
2025-04-13 21:20:17,296 [trainer.py] => model_size: ViT-B/16
2025-04-13 21:20:17,296 [trainer.py] => convnet_type: none
2025-04-13 21:20:17,296 [trainer.py] => seed: 1993
2025-04-13 21:20:17,296 [trainer.py] => batch_size: 64
2025-04-13 21:20:17,296 [trainer.py] => num_workers: 8
2025-04-13 21:20:17,296 [trainer.py] => model_type: clip
2025-04-13 21:20:17,296 [trainer.py] => division_power: 5
2025-04-13 21:20:17,296 [trainer.py] => linear_model: ['linear', 'bn', 'linear']
2025-04-13 21:20:17,296 [trainer.py] => score_model: ['bn', 'linear']
2025-04-13 21:20:17,296 [trainer.py] => regularizer: mahalanobis
2025-04-13 21:20:17,296 [trainer.py] => print_freq: 10
2025-04-13 21:20:17,297 [trainer.py] => memory_size: 0
2025-04-13 21:20:17,297 [trainer.py] => repeat: False
2025-04-13 21:20:31,761 [data_manager.py] => [68, 56, 78, 8, 23, 84, 90, 65, 74, 76, 40, 89, 3, 92, 55, 9, 26, 80, 43, 38, 58, 70, 77, 1, 85, 19, 17, 50, 28, 53, 13, 81, 45, 82, 6, 59, 83, 16, 15, 44, 91, 41, 72, 60, 79, 52, 20, 10, 31, 54, 37, 95, 14, 71, 96, 98, 97, 2, 64, 66, 42, 22, 35, 86, 24, 34, 87, 21, 99, 0, 88, 27, 18, 94, 11, 12, 47, 25, 30, 46, 62, 69, 36, 61, 7, 63, 75, 5, 32, 4, 51, 48, 73, 93, 39, 67, 29, 49, 57, 33]
2025-04-13 21:20:31,949 [clgcbm.py] => Learning on 0-10
2025-04-13 21:20:53,700 [clgcbm.py] => task: 0, epoch:0, train loss:0.265323,train accuracy: 93.20000,test_accuracy:92.30000
2025-04-13 21:21:10,734 [clgcbm.py] => task: 0, epoch:10, train loss:0.010159,train accuracy: 99.56000,test_accuracy:96.30000
2025-04-13 21:21:29,526 [clgcbm.py] => task: 0, epoch:20, train loss:0.029771,train accuracy: 99.07999,test_accuracy:96.00000
2025-04-13 21:25:06,008 [trainer.py] => config: exps/10,10_cifar100.json
2025-04-13 21:25:06,008 [trainer.py] => dataset: cifar100
2025-04-13 21:25:06,008 [trainer.py] => shuffle: True
2025-04-13 21:25:06,008 [trainer.py] => init_cls: 10
2025-04-13 21:25:06,008 [trainer.py] => increment: 10
2025-04-13 21:25:06,008 [trainer.py] => device: [device(type='cuda', index=1)]
2025-04-13 21:25:06,008 [trainer.py] => sim: 1
2025-04-13 21:25:06,008 [trainer.py] => epochs: 31
2025-04-13 21:25:06,008 [trainer.py] => lr: 0.01
2025-04-13 21:25:06,008 [trainer.py] => FB_epoch: 1
2025-04-13 21:25:06,008 [trainer.py] => FB_epoch_inc: 1
2025-04-13 21:25:06,008 [trainer.py] => FB_lr_init: 0.001
2025-04-13 21:25:06,008 [trainer.py] => FB_lr_inc: 0.001
2025-04-13 21:25:06,008 [trainer.py] => pool: 10
2025-04-13 21:25:06,008 [trainer.py] => sg_num: 1
2025-04-13 21:25:06,008 [trainer.py] => milestones: [30, 40, 50]
2025-04-13 21:25:06,008 [trainer.py] => prefix: continual-CLIP
2025-04-13 21:25:06,008 [trainer.py] => model_name: playground
2025-04-13 21:25:06,008 [trainer.py] => model_size: ViT-B/16
2025-04-13 21:25:06,008 [trainer.py] => convnet_type: none
2025-04-13 21:25:06,008 [trainer.py] => seed: 1993
2025-04-13 21:25:06,008 [trainer.py] => batch_size: 64
2025-04-13 21:25:06,008 [trainer.py] => num_workers: 8
2025-04-13 21:25:06,008 [trainer.py] => model_type: clip
2025-04-13 21:25:06,009 [trainer.py] => division_power: 5
2025-04-13 21:25:06,009 [trainer.py] => linear_model: ['linear', 'bn', 'linear']
2025-04-13 21:25:06,009 [trainer.py] => score_model: ['bn', 'linear']
2025-04-13 21:25:06,009 [trainer.py] => regularizer: mahalanobis
2025-04-13 21:25:06,009 [trainer.py] => print_freq: 10
2025-04-13 21:25:06,009 [trainer.py] => memory_size: 0
2025-04-13 21:25:06,009 [trainer.py] => repeat: False
2025-04-13 21:25:20,207 [trainer.py] => config: exps/10,10_cifar100.json
2025-04-13 21:25:20,207 [trainer.py] => dataset: cifar100
2025-04-13 21:25:20,207 [trainer.py] => shuffle: True
2025-04-13 21:25:20,207 [trainer.py] => init_cls: 10
2025-04-13 21:25:20,207 [trainer.py] => increment: 10
2025-04-13 21:25:20,207 [trainer.py] => device: [device(type='cuda', index=1)]
2025-04-13 21:25:20,207 [trainer.py] => sim: 1
2025-04-13 21:25:20,207 [trainer.py] => epochs: 1
2025-04-13 21:25:20,207 [trainer.py] => lr: 0.01
2025-04-13 21:25:20,207 [trainer.py] => FB_epoch: 1
2025-04-13 21:25:20,207 [trainer.py] => FB_epoch_inc: 1
2025-04-13 21:25:20,207 [trainer.py] => FB_lr_init: 0.001
2025-04-13 21:25:20,207 [trainer.py] => FB_lr_inc: 0.001
2025-04-13 21:25:20,208 [trainer.py] => pool: 10
2025-04-13 21:25:20,208 [trainer.py] => sg_num: 1
2025-04-13 21:25:20,208 [trainer.py] => milestones: [30, 40, 50]
2025-04-13 21:25:20,208 [trainer.py] => prefix: continual-CLIP
2025-04-13 21:25:20,208 [trainer.py] => model_name: playground
2025-04-13 21:25:20,208 [trainer.py] => model_size: ViT-B/16
2025-04-13 21:25:20,208 [trainer.py] => convnet_type: none
2025-04-13 21:25:20,208 [trainer.py] => seed: 1993
2025-04-13 21:25:20,208 [trainer.py] => batch_size: 64
2025-04-13 21:25:20,208 [trainer.py] => num_workers: 8
2025-04-13 21:25:20,208 [trainer.py] => model_type: clip
2025-04-13 21:25:20,208 [trainer.py] => division_power: 5
2025-04-13 21:25:20,208 [trainer.py] => linear_model: ['linear', 'bn', 'linear']
2025-04-13 21:25:20,208 [trainer.py] => score_model: ['bn', 'linear']
2025-04-13 21:25:20,208 [trainer.py] => regularizer: mahalanobis
2025-04-13 21:25:20,208 [trainer.py] => print_freq: 10
2025-04-13 21:25:20,208 [trainer.py] => memory_size: 0
2025-04-13 21:25:20,208 [trainer.py] => repeat: False
2025-04-13 21:25:30,909 [data_manager.py] => [68, 56, 78, 8, 23, 84, 90, 65, 74, 76, 40, 89, 3, 92, 55, 9, 26, 80, 43, 38, 58, 70, 77, 1, 85, 19, 17, 50, 28, 53, 13, 81, 45, 82, 6, 59, 83, 16, 15, 44, 91, 41, 72, 60, 79, 52, 20, 10, 31, 54, 37, 95, 14, 71, 96, 98, 97, 2, 64, 66, 42, 22, 35, 86, 24, 34, 87, 21, 99, 0, 88, 27, 18, 94, 11, 12, 47, 25, 30, 46, 62, 69, 36, 61, 7, 63, 75, 5, 32, 4, 51, 48, 73, 93, 39, 67, 29, 49, 57, 33]
2025-04-13 21:25:31,010 [clgcbm.py] => Learning on 0-10
2025-04-13 21:25:47,960 [clgcbm.py] => task: 0, epoch:0, train loss:0.265323,train accuracy: 93.20000,test_accuracy:92.30000
2025-04-13 21:26:11,907 [clgcbm.py] => task: 0, epoch:0, train loss:1.431331,train accuracy: 13.52000,test_accuracy:54.00000
2025-04-13 21:26:13,955 [trainer.py] => No NME accuracy.
2025-04-13 21:26:13,955 [trainer.py] => CNN: {'total': 54.0, '00-09': 54.0, 'old': 0, 'new': 54.0}
2025-04-13 21:26:13,955 [trainer.py] => CNN top1 curve: [54.0]
2025-04-13 21:26:13,955 [trainer.py] => CNN top5 curve: [86.2]

2025-04-13 21:26:13,955 [trainer.py] => Average Accuracy (CNN): 54.0
2025-04-13 21:26:13,955 [clgcbm.py] => Learning on 10-20
2025-04-13 21:26:29,606 [clgcbm.py] => task: 1, epoch:0, train loss:0.479357,train accuracy: 87.38000,test_accuracy:89.30000
2025-04-13 21:26:59,431 [clgcbm.py] => task: 1, epoch:0, train loss:1.896633,train accuracy: 42.47625,test_accuracy:39.20000
2025-04-13 21:27:03,741 [trainer.py] => No NME accuracy.
2025-04-13 21:27:03,741 [trainer.py] => CNN: {'total': 61.95, '00-09': 84.7, '10-19': 39.2, 'old': 84.7, 'new': 39.2}
2025-04-13 21:27:03,741 [trainer.py] => CNN top1 curve: [54.0, 61.95]
2025-04-13 21:27:03,741 [trainer.py] => CNN top5 curve: [86.2, 93.3]

2025-04-13 21:27:03,741 [trainer.py] => Average Accuracy (CNN): 57.975
2025-04-13 21:27:03,741 [clgcbm.py] => Learning on 20-30
2025-04-13 21:27:17,973 [clgcbm.py] => task: 2, epoch:0, train loss:0.215517,train accuracy: 93.86000,test_accuracy:97.10001
2025-04-13 21:27:44,610 [clgcbm.py] => task: 2, epoch:0, train loss:1.360959,train accuracy: 61.28637,test_accuracy:65.30000
2025-04-13 21:27:50,140 [trainer.py] => No NME accuracy.
2025-04-13 21:27:50,140 [trainer.py] => CNN: {'total': 74.57, '00-09': 85.8, '10-19': 72.6, '20-29': 65.3, 'old': 79.2, 'new': 65.3}
2025-04-13 21:27:50,140 [trainer.py] => CNN top1 curve: [54.0, 61.95, 74.57]
2025-04-13 21:27:50,140 [trainer.py] => CNN top5 curve: [86.2, 93.3, 95.83]

2025-04-13 21:27:50,140 [trainer.py] => Average Accuracy (CNN): 63.50666666666666
2025-04-13 21:27:50,140 [clgcbm.py] => Learning on 30-40
2025-04-13 21:28:01,987 [clgcbm.py] => task: 3, epoch:0, train loss:0.453856,train accuracy: 88.96000,test_accuracy:92.40000
2025-04-13 21:28:33,710 [clgcbm.py] => task: 3, epoch:0, train loss:0.791924,train accuracy: 73.49947,test_accuracy:65.00000
2025-04-13 21:28:40,395 [trainer.py] => No NME accuracy.
2025-04-13 21:28:40,396 [trainer.py] => CNN: {'total': 77.4, '00-09': 85.6, '10-19': 74.4, '20-29': 84.6, '30-39': 65.0, 'old': 81.53, 'new': 65.0}
2025-04-13 21:28:40,396 [trainer.py] => CNN top1 curve: [54.0, 61.95, 74.57, 77.4]
2025-04-13 21:28:40,396 [trainer.py] => CNN top5 curve: [86.2, 93.3, 95.83, 95.82]

2025-04-13 21:28:40,396 [trainer.py] => Average Accuracy (CNN): 66.97999999999999
2025-04-13 21:28:40,396 [clgcbm.py] => Learning on 40-50
2025-04-13 21:28:53,222 [clgcbm.py] => task: 4, epoch:0, train loss:0.225131,train accuracy: 93.89999,test_accuracy:95.70000
2025-04-13 21:29:26,437 [clgcbm.py] => task: 4, epoch:0, train loss:0.655588,train accuracy: 77.60841,test_accuracy:69.60001
2025-04-13 21:29:34,776 [trainer.py] => No NME accuracy.
2025-04-13 21:29:34,777 [trainer.py] => CNN: {'total': 77.48, '00-09': 81.7, '10-19': 75.9, '20-29': 83.4, '30-39': 76.8, '40-49': 69.6, 'old': 79.45, 'new': 69.6}
2025-04-13 21:29:34,777 [trainer.py] => CNN top1 curve: [54.0, 61.95, 74.57, 77.4, 77.48]
2025-04-13 21:29:34,777 [trainer.py] => CNN top5 curve: [86.2, 93.3, 95.83, 95.82, 95.22]

2025-04-13 21:29:34,777 [trainer.py] => Average Accuracy (CNN): 69.08
2025-04-13 21:29:34,777 [clgcbm.py] => Learning on 50-60
2025-04-13 21:29:47,791 [clgcbm.py] => task: 5, epoch:0, train loss:0.330180,train accuracy: 91.00000,test_accuracy:93.40000
2025-04-13 21:30:24,320 [clgcbm.py] => task: 5, epoch:0, train loss:0.519920,train accuracy: 81.22050,test_accuracy:65.90000
2025-04-13 21:30:34,135 [trainer.py] => No NME accuracy.
2025-04-13 21:30:34,135 [trainer.py] => CNN: {'total': 75.95, '00-09': 84.1, '10-19': 70.4, '20-29': 80.1, '30-39': 78.0, '40-49': 77.2, '50-59': 65.9, 'old': 77.96, 'new': 65.9}
2025-04-13 21:30:34,135 [trainer.py] => CNN top1 curve: [54.0, 61.95, 74.57, 77.4, 77.48, 75.95]
2025-04-13 21:30:34,135 [trainer.py] => CNN top5 curve: [86.2, 93.3, 95.83, 95.82, 95.22, 94.52]

2025-04-13 21:30:34,135 [trainer.py] => Average Accuracy (CNN): 70.225
2025-04-13 21:30:34,136 [clgcbm.py] => Learning on 60-70
2025-04-13 21:30:46,027 [clgcbm.py] => task: 6, epoch:0, train loss:0.260146,train accuracy: 93.38000,test_accuracy:94.80001
2025-04-13 21:31:23,373 [clgcbm.py] => task: 6, epoch:0, train loss:0.436473,train accuracy: 84.45171,test_accuracy:65.70000
2025-04-13 21:31:29,723 [trainer.py] => config: exps/10,10_cifar100.json
2025-04-13 21:31:29,723 [trainer.py] => dataset: cifar100
2025-04-13 21:31:29,723 [trainer.py] => shuffle: True
2025-04-13 21:31:29,723 [trainer.py] => init_cls: 10
2025-04-13 21:31:29,723 [trainer.py] => increment: 10
2025-04-13 21:31:29,723 [trainer.py] => device: [device(type='cuda', index=1)]
2025-04-13 21:31:29,723 [trainer.py] => sim: 1
2025-04-13 21:31:29,723 [trainer.py] => epochs: 31
2025-04-13 21:31:29,723 [trainer.py] => lr: 0.01
2025-04-13 21:31:29,723 [trainer.py] => FB_epoch: 61
2025-04-13 21:31:29,724 [trainer.py] => FB_epoch_inc: 61
2025-04-13 21:31:29,724 [trainer.py] => FB_lr_init: 0.001
2025-04-13 21:31:29,724 [trainer.py] => FB_lr_inc: 0.001
2025-04-13 21:31:29,724 [trainer.py] => pool: 10
2025-04-13 21:31:29,724 [trainer.py] => sg_num: 1
2025-04-13 21:31:29,724 [trainer.py] => milestones: [30, 40, 50]
2025-04-13 21:31:29,724 [trainer.py] => prefix: continual-CLIP
2025-04-13 21:31:29,724 [trainer.py] => model_name: playground
2025-04-13 21:31:29,724 [trainer.py] => model_size: ViT-B/16
2025-04-13 21:31:29,724 [trainer.py] => convnet_type: none
2025-04-13 21:31:29,724 [trainer.py] => seed: 1993
2025-04-13 21:31:29,724 [trainer.py] => batch_size: 64
2025-04-13 21:31:29,724 [trainer.py] => num_workers: 8
2025-04-13 21:31:29,724 [trainer.py] => model_type: clip
2025-04-13 21:31:29,724 [trainer.py] => division_power: 5
2025-04-13 21:31:29,724 [trainer.py] => linear_model: ['linear', 'bn', 'linear']
2025-04-13 21:31:29,724 [trainer.py] => score_model: ['bn', 'linear']
2025-04-13 21:31:29,724 [trainer.py] => regularizer: mahalanobis
2025-04-13 21:31:29,724 [trainer.py] => print_freq: 10
2025-04-13 21:31:29,724 [trainer.py] => memory_size: 0
2025-04-13 21:31:29,724 [trainer.py] => repeat: False
2025-04-13 21:31:41,779 [data_manager.py] => [68, 56, 78, 8, 23, 84, 90, 65, 74, 76, 40, 89, 3, 92, 55, 9, 26, 80, 43, 38, 58, 70, 77, 1, 85, 19, 17, 50, 28, 53, 13, 81, 45, 82, 6, 59, 83, 16, 15, 44, 91, 41, 72, 60, 79, 52, 20, 10, 31, 54, 37, 95, 14, 71, 96, 98, 97, 2, 64, 66, 42, 22, 35, 86, 24, 34, 87, 21, 99, 0, 88, 27, 18, 94, 11, 12, 47, 25, 30, 46, 62, 69, 36, 61, 7, 63, 75, 5, 32, 4, 51, 48, 73, 93, 39, 67, 29, 49, 57, 33]
2025-04-13 21:31:41,881 [clgcbm.py] => Learning on 0-10
2025-04-13 21:32:02,307 [clgcbm.py] => task: 0, epoch:0, train loss:0.265323,train accuracy: 93.20000,test_accuracy:92.30000
2025-04-13 21:32:17,978 [clgcbm.py] => task: 0, epoch:10, train loss:0.010159,train accuracy: 99.56000,test_accuracy:96.30000
2025-04-13 21:32:39,570 [clgcbm.py] => task: 0, epoch:20, train loss:0.029771,train accuracy: 99.07999,test_accuracy:96.00000
2025-04-13 21:33:05,154 [clgcbm.py] => task: 0, epoch:0, train loss:1.435490,train accuracy: 24.16000,test_accuracy:46.70000
2025-04-13 21:33:30,012 [clgcbm.py] => task: 0, epoch:10, train loss:-0.635794,train accuracy: 97.02000,test_accuracy:96.30000
2025-04-13 21:33:52,765 [clgcbm.py] => task: 0, epoch:20, train loss:-0.732517,train accuracy: 98.22000,test_accuracy:97.00000
2025-04-13 21:34:16,528 [clgcbm.py] => task: 0, epoch:30, train loss:-0.772331,train accuracy: 98.64000,test_accuracy:97.30000
2025-04-13 21:34:41,319 [clgcbm.py] => task: 0, epoch:40, train loss:-0.778225,train accuracy: 98.92000,test_accuracy:97.30000
2025-04-13 21:35:00,632 [clgcbm.py] => task: 0, epoch:50, train loss:-0.779250,train accuracy: 98.92000,test_accuracy:97.50000
2025-04-13 21:35:23,465 [clgcbm.py] => task: 0, epoch:60, train loss:-0.778248,train accuracy: 98.92000,test_accuracy:97.50000
2025-04-13 21:35:26,450 [trainer.py] => No NME accuracy.
2025-04-13 21:35:26,450 [trainer.py] => CNN: {'total': 97.5, '00-09': 97.5, 'old': 0, 'new': 97.5}
2025-04-13 21:35:26,450 [trainer.py] => CNN top1 curve: [97.5]
2025-04-13 21:35:26,450 [trainer.py] => CNN top5 curve: [99.9]

2025-04-13 21:35:26,450 [trainer.py] => Average Accuracy (CNN): 97.5
2025-04-13 21:35:26,450 [clgcbm.py] => Learning on 10-20
2025-04-13 21:35:42,066 [clgcbm.py] => task: 1, epoch:0, train loss:0.457212,train accuracy: 87.84000,test_accuracy:90.80000
2025-04-13 21:35:59,795 [clgcbm.py] => task: 1, epoch:10, train loss:0.102511,train accuracy: 96.54000,test_accuracy:93.70000
2025-04-13 21:36:23,927 [clgcbm.py] => task: 1, epoch:20, train loss:0.097338,train accuracy: 97.02000,test_accuracy:92.30000
2025-04-13 21:36:55,357 [clgcbm.py] => task: 1, epoch:0, train loss:0.452940,train accuracy: 67.18053,test_accuracy:49.10000
2025-04-13 21:37:31,025 [clgcbm.py] => task: 1, epoch:10, train loss:-0.579504,train accuracy: 95.47217,test_accuracy:91.70000
2025-04-13 21:38:06,106 [clgcbm.py] => task: 1, epoch:20, train loss:-0.661074,train accuracy: 96.58716,test_accuracy:92.40000
2025-04-13 21:38:43,375 [clgcbm.py] => task: 1, epoch:30, train loss:-0.715019,train accuracy: 97.13981,test_accuracy:93.60001
2025-04-13 21:39:21,924 [clgcbm.py] => task: 1, epoch:40, train loss:-0.720791,train accuracy: 97.29494,test_accuracy:93.50001
2025-04-13 21:39:58,959 [clgcbm.py] => task: 1, epoch:50, train loss:-0.719724,train accuracy: 97.24646,test_accuracy:93.50001
2025-04-13 21:40:38,484 [clgcbm.py] => task: 1, epoch:60, train loss:-0.722239,train accuracy: 97.33372,test_accuracy:93.50001
2025-04-13 21:40:42,346 [trainer.py] => No NME accuracy.
2025-04-13 21:40:42,346 [trainer.py] => CNN: {'total': 92.0, '00-09': 90.4, '10-19': 93.6, 'old': 90.4, 'new': 93.6}
2025-04-13 21:40:42,346 [trainer.py] => CNN top1 curve: [97.5, 92.0]
2025-04-13 21:40:42,346 [trainer.py] => CNN top5 curve: [99.9, 99.0]

2025-04-13 21:40:42,346 [trainer.py] => Average Accuracy (CNN): 94.75
2025-04-13 21:40:42,347 [clgcbm.py] => Learning on 20-30
2025-04-13 21:40:57,146 [clgcbm.py] => task: 2, epoch:0, train loss:0.244799,train accuracy: 93.75999,test_accuracy:97.10001
2025-04-13 21:41:19,105 [clgcbm.py] => task: 2, epoch:10, train loss:0.019102,train accuracy: 99.32000,test_accuracy:97.70000
2025-04-13 21:41:35,272 [clgcbm.py] => task: 2, epoch:20, train loss:0.024013,train accuracy: 99.34000,test_accuracy:97.90000
2025-04-13 21:42:00,033 [clgcbm.py] => task: 2, epoch:30, train loss:0.085360,train accuracy: 98.02000,test_accuracy:95.10001
2025-04-13 21:42:34,423 [clgcbm.py] => task: 2, epoch:0, train loss:0.186403,train accuracy: 76.91016,test_accuracy:72.40000
2025-04-13 21:43:27,280 [clgcbm.py] => task: 2, epoch:10, train loss:-0.654398,train accuracy: 97.07822,test_accuracy:93.50001
2025-04-13 21:44:16,531 [clgcbm.py] => task: 2, epoch:20, train loss:-0.724719,train accuracy: 97.76988,test_accuracy:93.90001
2025-04-13 21:45:08,328 [clgcbm.py] => task: 2, epoch:30, train loss:-0.772097,train accuracy: 98.61668,test_accuracy:94.60001
2025-04-13 21:45:59,996 [clgcbm.py] => task: 2, epoch:40, train loss:-0.776169,train accuracy: 98.63608,test_accuracy:94.80001
2025-04-13 21:46:49,738 [clgcbm.py] => task: 2, epoch:50, train loss:-0.778099,train accuracy: 98.64900,test_accuracy:94.80001
2025-04-13 21:47:42,764 [clgcbm.py] => task: 2, epoch:60, train loss:-0.780096,train accuracy: 98.65546,test_accuracy:94.70000
2025-04-13 21:47:47,897 [trainer.py] => No NME accuracy.
2025-04-13 21:47:47,897 [trainer.py] => CNN: {'total': 89.67, '00-09': 89.8, '10-19': 84.4, '20-29': 94.8, 'old': 87.1, 'new': 94.8}
2025-04-13 21:47:47,897 [trainer.py] => CNN top1 curve: [97.5, 92.0, 89.67]
2025-04-13 21:47:47,897 [trainer.py] => CNN top5 curve: [99.9, 99.0, 98.37]

2025-04-13 21:47:47,897 [trainer.py] => Average Accuracy (CNN): 93.05666666666667
2025-04-13 21:47:47,897 [clgcbm.py] => Learning on 30-40
2025-04-13 21:48:01,524 [clgcbm.py] => task: 3, epoch:0, train loss:0.413142,train accuracy: 88.88000,test_accuracy:91.40000
2025-04-13 21:48:23,326 [clgcbm.py] => task: 3, epoch:10, train loss:0.074406,train accuracy: 97.25999,test_accuracy:94.40001
